<?xml version="1.0" encoding="UTF-8"?>
<!-- Generated by org.testng.reporters.JUnitXMLReporter -->
<testsuite hostname="DESKTOP-9EBC1DI" ignored="0" name="chromeTest" tests="6" failures="0" timestamp="05 Mar 2019 20:48:48 GMT" time="40.033" errors="0">
  <testcase name="googlePage" time="19.031" classname="pack1.CrossBrowserTesting"/>
  <testcase name="getTitle" time="0.587" classname="pack1.CrossBrowserTesting"/>
  <testcase name="AfterTest" time="0.0" classname="pack1.CrossBrowserTesting"/>
  <testcase name="selFrmDropdown" time="4.185" classname="pack1.CrossBrowserTesting"/>
  <testcase name="selByIndex" time="5.398" classname="pack1.CrossBrowserTesting"/>
  <testcase name="selByVal" time="5.281" classname="pack1.CrossBrowserTesting"/>
</testsuite> <!-- chromeTest -->
