<?xml version="1.0" encoding="UTF-8"?>
<!-- Generated by org.testng.reporters.JUnitXMLReporter -->
<testsuite hostname="DESKTOP-9EBC1DI" ignored="0" name="FirefoxTest" tests="1" failures="0" timestamp="05 Mar 2019 20:30:53 GMT" time="0.024" errors="0">
  <testcase name="@BeforeTest setUp" time="0.0" classname="pack1.CrossBrowserTesting">
    <failure type="java.lang.Exception" message="Browser is Not correct">
      <![CDATA[java.lang.Exception: Browser is Not correct
	at pack1.CrossBrowserTesting.setUp(CrossBrowserTesting.java:29)
... Removed 23 stack frames]]>
    </failure>
  </testcase> <!-- @BeforeTest setUp -->
  <testcase name="testGoogle" time="0.004" classname="pack1.CrossBrowserTesting">
    <skipped/>
  </testcase> <!-- testGoogle -->
</testsuite> <!-- FirefoxTest -->
