<?xml version="1.0" encoding="UTF-8"?>
<!-- Generated by org.testng.reporters.JUnitXMLReporter -->
<testsuite hostname="DESKTOP-9EBC1DI" ignored="0" name="MicrosoftWebDriverTest" tests="6" failures="0" timestamp="05 Mar 2019 20:48:39 GMT" time="30.16" errors="0">
  <testcase name="googlePage" time="5.469" classname="pack1.CrossBrowserTesting"/>
  <testcase name="getTitle" time="0.636" classname="pack1.CrossBrowserTesting"/>
  <testcase name="AfterTest" time="0.004" classname="pack1.CrossBrowserTesting"/>
  <testcase name="selFrmDropdown" time="3.673" classname="pack1.CrossBrowserTesting"/>
  <testcase name="selByIndex" time="10.26" classname="pack1.CrossBrowserTesting"/>
  <testcase name="selByVal" time="5.059" classname="pack1.CrossBrowserTesting"/>
</testsuite> <!-- MicrosoftWebDriverTest -->
