<?xml version="1.0" encoding="UTF-8"?>
<testng-results skipped="0" failed="0" ignored="0" total="1" passed="1">
  <reporter-output>
  </reporter-output>
  <suite name="Default suite" duration-ms="95586" started-at="2019-03-26T22:53:37Z" finished-at="2019-03-26T22:55:13Z">
    <groups>
    </groups>
    <test name="Default test" duration-ms="95586" started-at="2019-03-26T22:53:37Z" finished-at="2019-03-26T22:55:13Z">
      <class name="com.automation.Jan.Interactions">
        <test-method status="PASS" signature="beforeSuite()[pri:0, instance:com.automation.Jan.Interactions@28d25987]" name="beforeSuite" is-config="true" duration-ms="6033" started-at="2019-03-26T15:53:31Z" finished-at="2019-03-26T15:53:37Z">
          <reporter-output>
          </reporter-output>
        </test-method> <!-- beforeSuite -->
        <test-method status="PASS" signature="beforeTest()[pri:0, instance:com.automation.Jan.Interactions@28d25987]" name="beforeTest" is-config="true" duration-ms="4616" started-at="2019-03-26T15:53:37Z" finished-at="2019-03-26T15:53:42Z">
          <reporter-output>
          </reporter-output>
        </test-method> <!-- beforeTest -->
        <test-method status="PASS" signature="homePageForm()[pri:0, instance:com.automation.Jan.Interactions@28d25987]" name="homePageForm" duration-ms="90941" started-at="2019-03-26T15:53:42Z" finished-at="2019-03-26T15:55:13Z">
          <reporter-output>
          </reporter-output>
        </test-method> <!-- homePageForm -->
      </class> <!-- com.automation.Jan.Interactions -->
    </test> <!-- Default test -->
  </suite> <!-- Default suite -->
</testng-results>
